<?xml version="1.0" encoding="UTF-8"?>
<testsuite xmlns:xsi="http://www.w3.org/2001/XMLSchema-instance" xsi:noNamespaceSchemaLocation="https://maven.apache.org/surefire/maven-surefire-plugin/xsd/surefire-test-report-3.0.xsd" version="3.0" name="TestSuite" time="14.086" tests="2" errors="0" skipped="0" failures="0">
  <properties>
    <property name="java.specification.version" value="22"/>
    <property name="sun.cpu.isalist" value="amd64"/>
    <property name="sun.jnu.encoding" value="Cp1252"/>
    <property name="java.class.path" value="D:\IT\java_practice\Selenium_extent_framework\Selenium_extent_framework\target\test-classes;D:\IT\java_practice\Selenium_extent_framework\Selenium_extent_framework\target\classes;D:\IT\java_practice\jar_files\custom_mvn_repo\org\postgresql\postgresql\42.7.2\postgresql-42.7.2.jar;D:\IT\java_practice\jar_files\custom_mvn_repo\org\checkerframework\checker-qual\3.42.0\checker-qual-3.42.0.jar;D:\IT\java_practice\jar_files\custom_mvn_repo\com\aventstack\extentreports\5.1.2\extentreports-5.1.2.jar;D:\IT\java_practice\jar_files\custom_mvn_repo\io\reactivex\rxjava3\rxjava\3.1.6\rxjava-3.1.6.jar;D:\IT\java_practice\jar_files\custom_mvn_repo\org\reactivestreams\reactive-streams\1.0.4\reactive-streams-1.0.4.jar;D:\IT\java_practice\jar_files\custom_mvn_repo\org\freemarker\freemarker\2.3.32\freemarker-2.3.32.jar;D:\IT\java_practice\jar_files\custom_mvn_repo\org\projectlombok\lombok\1.18.26\lombok-1.18.26.jar;D:\IT\java_practice\jar_files\custom_mvn_repo\com\google\code\gson\gson\2.10.1\gson-2.10.1.jar;D:\IT\java_practice\jar_files\custom_mvn_repo\org\seleniumhq\selenium\selenium-java\4.24.0\selenium-java-4.24.0.jar;D:\IT\java_practice\jar_files\custom_mvn_repo\org\seleniumhq\selenium\selenium-api\4.24.0\selenium-api-4.24.0.jar;D:\IT\java_practice\jar_files\custom_mvn_repo\org\jspecify\jspecify\1.0.0\jspecify-1.0.0.jar;D:\IT\java_practice\jar_files\custom_mvn_repo\org\seleniumhq\selenium\selenium-chrome-driver\4.24.0\selenium-chrome-driver-4.24.0.jar;D:\IT\java_practice\jar_files\custom_mvn_repo\com\google\auto\service\auto-service-annotations\1.1.1\auto-service-annotations-1.1.1.jar;D:\IT\java_practice\jar_files\custom_mvn_repo\org\seleniumhq\selenium\selenium-chromium-driver\4.24.0\selenium-chromium-driver-4.24.0.jar;D:\IT\java_practice\jar_files\custom_mvn_repo\org\seleniumhq\selenium\selenium-json\4.24.0\selenium-json-4.24.0.jar;D:\IT\java_practice\jar_files\custom_mvn_repo\org\seleniumhq\selenium\selenium-manager\4.24.0\selenium-manager-4.24.0.jar;D:\IT\java_practice\jar_files\custom_mvn_repo\org\seleniumhq\selenium\selenium-devtools-v126\4.24.0\selenium-devtools-v126-4.24.0.jar;D:\IT\java_practice\jar_files\custom_mvn_repo\org\seleniumhq\selenium\selenium-devtools-v127\4.24.0\selenium-devtools-v127-4.24.0.jar;D:\IT\java_practice\jar_files\custom_mvn_repo\org\seleniumhq\selenium\selenium-devtools-v128\4.24.0\selenium-devtools-v128-4.24.0.jar;D:\IT\java_practice\jar_files\custom_mvn_repo\org\seleniumhq\selenium\selenium-devtools-v85\4.24.0\selenium-devtools-v85-4.24.0.jar;D:\IT\java_practice\jar_files\custom_mvn_repo\org\seleniumhq\selenium\selenium-edge-driver\4.24.0\selenium-edge-driver-4.24.0.jar;D:\IT\java_practice\jar_files\custom_mvn_repo\org\seleniumhq\selenium\selenium-firefox-driver\4.24.0\selenium-firefox-driver-4.24.0.jar;D:\IT\java_practice\jar_files\custom_mvn_repo\org\seleniumhq\selenium\selenium-http\4.24.0\selenium-http-4.24.0.jar;D:\IT\java_practice\jar_files\custom_mvn_repo\dev\failsafe\failsafe\3.3.2\failsafe-3.3.2.jar;D:\IT\java_practice\jar_files\custom_mvn_repo\org\seleniumhq\selenium\selenium-ie-driver\4.24.0\selenium-ie-driver-4.24.0.jar;D:\IT\java_practice\jar_files\custom_mvn_repo\org\seleniumhq\selenium\selenium-remote-driver\4.24.0\selenium-remote-driver-4.24.0.jar;D:\IT\java_practice\jar_files\custom_mvn_repo\io\opentelemetry\semconv\opentelemetry-semconv\1.25.0-alpha\opentelemetry-semconv-1.25.0-alpha.jar;D:\IT\java_practice\jar_files\custom_mvn_repo\io\opentelemetry\opentelemetry-api\1.41.0\opentelemetry-api-1.41.0.jar;D:\IT\java_practice\jar_files\custom_mvn_repo\io\opentelemetry\opentelemetry-context\1.41.0\opentelemetry-context-1.41.0.jar;D:\IT\java_practice\jar_files\custom_mvn_repo\io\opentelemetry\opentelemetry-exporter-logging\1.41.0\opentelemetry-exporter-logging-1.41.0.jar;D:\IT\java_practice\jar_files\custom_mvn_repo\io\opentelemetry\opentelemetry-sdk-common\1.41.0\opentelemetry-sdk-common-1.41.0.jar;D:\IT\java_practice\jar_files\custom_mvn_repo\io\opentelemetry\opentelemetry-sdk-extension-autoconfigure-spi\1.41.0\opentelemetry-sdk-extension-autoconfigure-spi-1.41.0.jar;D:\IT\java_practice\jar_files\custom_mvn_repo\io\opentelemetry\opentelemetry-sdk-extension-autoconfigure\1.41.0\opentelemetry-sdk-extension-autoconfigure-1.41.0.jar;D:\IT\java_practice\jar_files\custom_mvn_repo\io\opentelemetry\opentelemetry-api-incubator\1.41.0-alpha\opentelemetry-api-incubator-1.41.0-alpha.jar;D:\IT\java_practice\jar_files\custom_mvn_repo\io\opentelemetry\opentelemetry-sdk-trace\1.41.0\opentelemetry-sdk-trace-1.41.0.jar;D:\IT\java_practice\jar_files\custom_mvn_repo\io\opentelemetry\opentelemetry-sdk\1.41.0\opentelemetry-sdk-1.41.0.jar;D:\IT\java_practice\jar_files\custom_mvn_repo\io\opentelemetry\opentelemetry-sdk-metrics\1.41.0\opentelemetry-sdk-metrics-1.41.0.jar;D:\IT\java_practice\jar_files\custom_mvn_repo\io\opentelemetry\opentelemetry-sdk-logs\1.41.0\opentelemetry-sdk-logs-1.41.0.jar;D:\IT\java_practice\jar_files\custom_mvn_repo\net\bytebuddy\byte-buddy\1.15.0\byte-buddy-1.15.0.jar;D:\IT\java_practice\jar_files\custom_mvn_repo\org\seleniumhq\selenium\selenium-os\4.24.0\selenium-os-4.24.0.jar;D:\IT\java_practice\jar_files\custom_mvn_repo\org\apache\commons\commons-exec\1.4.0\commons-exec-1.4.0.jar;D:\IT\java_practice\jar_files\custom_mvn_repo\org\seleniumhq\selenium\selenium-safari-driver\4.24.0\selenium-safari-driver-4.24.0.jar;D:\IT\java_practice\jar_files\custom_mvn_repo\org\seleniumhq\selenium\selenium-support\4.24.0\selenium-support-4.24.0.jar;D:\IT\java_practice\jar_files\custom_mvn_repo\org\json\json\20240303\json-20240303.jar;D:\IT\java_practice\jar_files\custom_mvn_repo\io\cucumber\cucumber-java\7.13.0\cucumber-java-7.13.0.jar;D:\IT\java_practice\jar_files\custom_mvn_repo\io\cucumber\cucumber-core\7.13.0\cucumber-core-7.13.0.jar;D:\IT\java_practice\jar_files\custom_mvn_repo\io\cucumber\cucumber-gherkin\7.13.0\cucumber-gherkin-7.13.0.jar;D:\IT\java_practice\jar_files\custom_mvn_repo\io\cucumber\cucumber-gherkin-messages\7.13.0\cucumber-gherkin-messages-7.13.0.jar;D:\IT\java_practice\jar_files\custom_mvn_repo\io\cucumber\gherkin\26.2.0\gherkin-26.2.0.jar;D:\IT\java_practice\jar_files\custom_mvn_repo\io\cucumber\messages\22.0.0\messages-22.0.0.jar;D:\IT\java_practice\jar_files\custom_mvn_repo\io\cucumber\tag-expressions\5.0.1\tag-expressions-5.0.1.jar;D:\IT\java_practice\jar_files\custom_mvn_repo\io\cucumber\cucumber-expressions\16.1.2\cucumber-expressions-16.1.2.jar;D:\IT\java_practice\jar_files\custom_mvn_repo\io\cucumber\datatable\7.13.0\datatable-7.13.0.jar;D:\IT\java_practice\jar_files\custom_mvn_repo\io\cucumber\cucumber-plugin\7.13.0\cucumber-plugin-7.13.0.jar;D:\IT\java_practice\jar_files\custom_mvn_repo\io\cucumber\docstring\7.13.0\docstring-7.13.0.jar;D:\IT\java_practice\jar_files\custom_mvn_repo\io\cucumber\html-formatter\20.3.1\html-formatter-20.3.1.jar;D:\IT\java_practice\jar_files\custom_mvn_repo\io\cucumber\junit-xml-formatter\0.2.0\junit-xml-formatter-0.2.0.jar;D:\IT\java_practice\jar_files\custom_mvn_repo\io\cucumber\ci-environment\9.2.0\ci-environment-9.2.0.jar;D:\IT\java_practice\jar_files\custom_mvn_repo\org\apiguardian\apiguardian-api\1.1.2\apiguardian-api-1.1.2.jar;D:\IT\java_practice\jar_files\custom_mvn_repo\io\cucumber\cucumber-testng\7.13.0\cucumber-testng-7.13.0.jar;D:\IT\java_practice\jar_files\custom_mvn_repo\org\testng\testng\7.8.0\testng-7.8.0.jar;D:\IT\java_practice\jar_files\custom_mvn_repo\org\slf4j\slf4j-api\1.7.36\slf4j-api-1.7.36.jar;D:\IT\java_practice\jar_files\custom_mvn_repo\com\beust\jcommander\1.82\jcommander-1.82.jar;D:\IT\java_practice\jar_files\custom_mvn_repo\org\webjars\jquery\3.6.1\jquery-3.6.1.jar;D:\IT\java_practice\jar_files\custom_mvn_repo\org\apache\maven\plugins\maven-surefire-plugin\3.1.2\maven-surefire-plugin-3.1.2.jar;D:\IT\java_practice\jar_files\custom_mvn_repo\org\apache\maven\surefire\maven-surefire-common\3.1.2\maven-surefire-common-3.1.2.jar;D:\IT\java_practice\jar_files\custom_mvn_repo\org\apache\maven\surefire\surefire-api\3.1.2\surefire-api-3.1.2.jar;D:\IT\java_practice\jar_files\custom_mvn_repo\org\apache\maven\surefire\surefire-logger-api\3.1.2\surefire-logger-api-3.1.2.jar;D:\IT\java_practice\jar_files\custom_mvn_repo\org\apache\maven\surefire\surefire-extensions-api\3.1.2\surefire-extensions-api-3.1.2.jar;D:\IT\java_practice\jar_files\custom_mvn_repo\org\apache\maven\surefire\surefire-booter\3.1.2\surefire-booter-3.1.2.jar;D:\IT\java_practice\jar_files\custom_mvn_repo\org\apache\maven\surefire\surefire-extensions-spi\3.1.2\surefire-extensions-spi-3.1.2.jar;D:\IT\java_practice\jar_files\custom_mvn_repo\org\eclipse\aether\aether-util\1.0.0.v20140518\aether-util-1.0.0.v20140518.jar;D:\IT\java_practice\jar_files\custom_mvn_repo\org\eclipse\aether\aether-api\1.0.0.v20140518\aether-api-1.0.0.v20140518.jar;D:\IT\java_practice\jar_files\custom_mvn_repo\org\apache\maven\shared\maven-common-artifact-filters\3.1.1\maven-common-artifact-filters-3.1.1.jar;D:\IT\java_practice\jar_files\custom_mvn_repo\org\apache\maven\maven-artifact\3.1.0\maven-artifact-3.1.0.jar;D:\IT\java_practice\jar_files\custom_mvn_repo\org\apache\maven\maven-core\3.1.0\maven-core-3.1.0.jar;D:\IT\java_practice\jar_files\custom_mvn_repo\org\apache\maven\maven-settings\3.1.0\maven-settings-3.1.0.jar;D:\IT\java_practice\jar_files\custom_mvn_repo\org\apache\maven\maven-settings-builder\3.1.0\maven-settings-builder-3.1.0.jar;D:\IT\java_practice\jar_files\custom_mvn_repo\org\apache\maven\maven-repository-metadata\3.1.0\maven-repository-metadata-3.1.0.jar;D:\IT\java_practice\jar_files\custom_mvn_repo\org\apache\maven\maven-model-builder\3.1.0\maven-model-builder-3.1.0.jar;D:\IT\java_practice\jar_files\custom_mvn_repo\org\apache\maven\maven-aether-provider\3.1.0\maven-aether-provider-3.1.0.jar;D:\IT\java_practice\jar_files\custom_mvn_repo\org\eclipse\aether\aether-spi\0.9.0.M2\aether-spi-0.9.0.M2.jar;D:\IT\java_practice\jar_files\custom_mvn_repo\org\eclipse\aether\aether-impl\0.9.0.M2\aether-impl-0.9.0.M2.jar;D:\IT\java_practice\jar_files\custom_mvn_repo\org\eclipse\sisu\org.eclipse.sisu.plexus\0.0.0.M2a\org.eclipse.sisu.plexus-0.0.0.M2a.jar;D:\IT\java_practice\jar_files\custom_mvn_repo\javax\enterprise\cdi-api\1.0\cdi-api-1.0.jar;D:\IT\java_practice\jar_files\custom_mvn_repo\javax\annotation\jsr250-api\1.0\jsr250-api-1.0.jar;D:\IT\java_practice\jar_files\custom_mvn_repo\javax\inject\javax.inject\1\javax.inject-1.jar;D:\IT\java_practice\jar_files\custom_mvn_repo\org\sonatype\sisu\sisu-guice\3.1.0\sisu-guice-3.1.0-no_aop.jar;D:\IT\java_practice\jar_files\custom_mvn_repo\aopalliance\aopalliance\1.0\aopalliance-1.0.jar;D:\IT\java_practice\jar_files\custom_mvn_repo\org\eclipse\sisu\org.eclipse.sisu.inject\0.0.0.M2a\org.eclipse.sisu.inject-0.0.0.M2a.jar;D:\IT\java_practice\jar_files\custom_mvn_repo\asm\asm\3.3.1\asm-3.3.1.jar;D:\IT\java_practice\jar_files\custom_mvn_repo\org\codehaus\plexus\plexus-interpolation\1.16\plexus-interpolation-1.16.jar;D:\IT\java_practice\jar_files\custom_mvn_repo\org\codehaus\plexus\plexus-classworlds\2.4.2\plexus-classworlds-2.4.2.jar;D:\IT\java_practice\jar_files\custom_mvn_repo\org\sonatype\plexus\plexus-sec-dispatcher\1.3\plexus-sec-dispatcher-1.3.jar;D:\IT\java_practice\jar_files\custom_mvn_repo\org\sonatype\plexus\plexus-cipher\1.4\plexus-cipher-1.4.jar;D:\IT\java_practice\jar_files\custom_mvn_repo\org\apache\maven\maven-plugin-api\3.1.0\maven-plugin-api-3.1.0.jar;D:\IT\java_practice\jar_files\custom_mvn_repo\org\apache\maven\surefire\surefire-shared-utils\3.1.2\surefire-shared-utils-3.1.2.jar;D:\IT\java_practice\jar_files\custom_mvn_repo\org\apache\maven\plugins\maven-compiler-plugin\3.11.0\maven-compiler-plugin-3.11.0.jar;D:\IT\java_practice\jar_files\custom_mvn_repo\org\apache\maven\shared\maven-shared-utils\3.3.4\maven-shared-utils-3.3.4.jar;D:\IT\java_practice\jar_files\custom_mvn_repo\org\apache\maven\shared\maven-shared-incremental\1.1\maven-shared-incremental-1.1.jar;D:\IT\java_practice\jar_files\custom_mvn_repo\org\codehaus\plexus\plexus-component-annotations\1.5.5\plexus-component-annotations-1.5.5.jar;D:\IT\java_practice\jar_files\custom_mvn_repo\org\codehaus\plexus\plexus-java\1.1.2\plexus-java-1.1.2.jar;D:\IT\java_practice\jar_files\custom_mvn_repo\org\ow2\asm\asm\9.4\asm-9.4.jar;D:\IT\java_practice\jar_files\custom_mvn_repo\com\thoughtworks\qdox\qdox\2.0.3\qdox-2.0.3.jar;D:\IT\java_practice\jar_files\custom_mvn_repo\org\codehaus\plexus\plexus-compiler-api\2.13.0\plexus-compiler-api-2.13.0.jar;D:\IT\java_practice\jar_files\custom_mvn_repo\org\codehaus\plexus\plexus-utils\3.4.2\plexus-utils-3.4.2.jar;D:\IT\java_practice\jar_files\custom_mvn_repo\org\codehaus\plexus\plexus-compiler-manager\2.13.0\plexus-compiler-manager-2.13.0.jar;D:\IT\java_practice\jar_files\custom_mvn_repo\org\codehaus\plexus\plexus-compiler-javac\2.13.0\plexus-compiler-javac-2.13.0.jar;D:\IT\java_practice\jar_files\custom_mvn_repo\org\apache\poi\poi\5.2.3\poi-5.2.3.jar;D:\IT\java_practice\jar_files\custom_mvn_repo\commons-codec\commons-codec\1.15\commons-codec-1.15.jar;D:\IT\java_practice\jar_files\custom_mvn_repo\org\apache\commons\commons-collections4\4.4\commons-collections4-4.4.jar;D:\IT\java_practice\jar_files\custom_mvn_repo\org\apache\commons\commons-math3\3.6.1\commons-math3-3.6.1.jar;D:\IT\java_practice\jar_files\custom_mvn_repo\commons-io\commons-io\2.11.0\commons-io-2.11.0.jar;D:\IT\java_practice\jar_files\custom_mvn_repo\com\zaxxer\SparseBitSet\1.2\SparseBitSet-1.2.jar;D:\IT\java_practice\jar_files\custom_mvn_repo\org\apache\logging\log4j\log4j-api\2.18.0\log4j-api-2.18.0.jar;D:\IT\java_practice\jar_files\custom_mvn_repo\org\apache\poi\poi-ooxml\5.2.3\poi-ooxml-5.2.3.jar;D:\IT\java_practice\jar_files\custom_mvn_repo\org\apache\poi\poi-ooxml-lite\5.2.3\poi-ooxml-lite-5.2.3.jar;D:\IT\java_practice\jar_files\custom_mvn_repo\org\apache\xmlbeans\xmlbeans\5.1.1\xmlbeans-5.1.1.jar;D:\IT\java_practice\jar_files\custom_mvn_repo\org\apache\commons\commons-compress\1.21\commons-compress-1.21.jar;D:\IT\java_practice\jar_files\custom_mvn_repo\com\github\virtuald\curvesapi\1.07\curvesapi-1.07.jar;D:\IT\java_practice\jar_files\custom_mvn_repo\tech\tablesaw\tablesaw-core\0.43.1\tablesaw-core-0.43.1.jar;D:\IT\java_practice\jar_files\custom_mvn_repo\com\google\guava\guava\30.0-jre\guava-30.0-jre.jar;D:\IT\java_practice\jar_files\custom_mvn_repo\com\google\guava\failureaccess\1.0.1\failureaccess-1.0.1.jar;D:\IT\java_practice\jar_files\custom_mvn_repo\com\google\guava\listenablefuture\9999.0-empty-to-avoid-conflict-with-guava\listenablefuture-9999.0-empty-to-avoid-conflict-with-guava.jar;D:\IT\java_practice\jar_files\custom_mvn_repo\com\google\code\findbugs\jsr305\3.0.2\jsr305-3.0.2.jar;D:\IT\java_practice\jar_files\custom_mvn_repo\com\google\errorprone\error_prone_annotations\2.3.4\error_prone_annotations-2.3.4.jar;D:\IT\java_practice\jar_files\custom_mvn_repo\com\google\j2objc\j2objc-annotations\1.3\j2objc-annotations-1.3.jar;D:\IT\java_practice\jar_files\custom_mvn_repo\it\unimi\dsi\fastutil\8.3.0\fastutil-8.3.0.jar;D:\IT\java_practice\jar_files\custom_mvn_repo\org\roaringbitmap\RoaringBitmap\0.9.25\RoaringBitmap-0.9.25.jar;D:\IT\java_practice\jar_files\custom_mvn_repo\org\roaringbitmap\shims\0.9.25\shims-0.9.25.jar;D:\IT\java_practice\jar_files\custom_mvn_repo\com\univocity\univocity-parsers\2.8.4\univocity-parsers-2.8.4.jar;D:\IT\java_practice\jar_files\custom_mvn_repo\com\ibm\icu\icu4j\65.1\icu4j-65.1.jar;D:\IT\java_practice\jar_files\custom_mvn_repo\io\github\classgraph\classgraph\4.8.60\classgraph-4.8.60.jar;D:\IT\java_practice\jar_files\custom_mvn_repo\tech\tablesaw\tablesaw-excel\0.43.1\tablesaw-excel-0.43.1.jar;D:\IT\java_practice\jar_files\custom_mvn_repo\io\appium\java-client\9.0.0\java-client-9.0.0.jar;D:\IT\java_practice\jar_files\custom_mvn_repo\io\rest-assured\rest-assured\5.4.0\rest-assured-5.4.0.jar;D:\IT\java_practice\jar_files\custom_mvn_repo\org\apache\groovy\groovy\4.0.16\groovy-4.0.16.jar;D:\IT\java_practice\jar_files\custom_mvn_repo\org\apache\groovy\groovy-xml\4.0.16\groovy-xml-4.0.16.jar;D:\IT\java_practice\jar_files\custom_mvn_repo\org\apache\httpcomponents\httpclient\4.5.13\httpclient-4.5.13.jar;D:\IT\java_practice\jar_files\custom_mvn_repo\org\apache\httpcomponents\httpcore\4.4.13\httpcore-4.4.13.jar;D:\IT\java_practice\jar_files\custom_mvn_repo\commons-logging\commons-logging\1.2\commons-logging-1.2.jar;D:\IT\java_practice\jar_files\custom_mvn_repo\org\apache\httpcomponents\httpmime\4.5.13\httpmime-4.5.13.jar;D:\IT\java_practice\jar_files\custom_mvn_repo\org\hamcrest\hamcrest\2.2\hamcrest-2.2.jar;D:\IT\java_practice\jar_files\custom_mvn_repo\org\ccil\cowan\tagsoup\tagsoup\1.2.1\tagsoup-1.2.1.jar;D:\IT\java_practice\jar_files\custom_mvn_repo\io\rest-assured\json-path\5.4.0\json-path-5.4.0.jar;D:\IT\java_practice\jar_files\custom_mvn_repo\org\apache\groovy\groovy-json\4.0.16\groovy-json-4.0.16.jar;D:\IT\java_practice\jar_files\custom_mvn_repo\io\rest-assured\rest-assured-common\5.4.0\rest-assured-common-5.4.0.jar;D:\IT\java_practice\jar_files\custom_mvn_repo\io\rest-assured\xml-path\5.4.0\xml-path-5.4.0.jar;D:\IT\java_practice\jar_files\custom_mvn_repo\org\apache\commons\commons-lang3\3.11\commons-lang3-3.11.jar;"/>
    <property name="java.vm.vendor" value="Oracle Corporation"/>
    <property name="sun.arch.data.model" value="64"/>
    <property name="user.variant" value=""/>
    <property name="java.vendor.url" value="https://java.oracle.com/"/>
    <property name="user.timezone" value="Asia/Calcutta"/>
    <property name="os.name" value="Windows 11"/>
    <property name="java.vm.specification.version" value="22"/>
    <property name="sun.java.launcher" value="SUN_STANDARD"/>
    <property name="user.country" value="IN"/>
    <property name="sun.boot.library.path" value="C:\Program Files\Java\jdk-22\bin"/>
    <property name="sun.java.command" value="C:\Users\sayan\AppData\Local\Temp\surefire6028265145653546312\surefirebooter-20240905222454172_3.jar C:\Users\sayan\AppData\Local\Temp\surefire6028265145653546312 2024-09-05T22-24-54_082-jvmRun1 surefire-20240905222454172_1tmp surefire_0-20240905222454172_2tmp"/>
    <property name="jdk.debug" value="release"/>
    <property name="surefire.test.class.path" value="D:\IT\java_practice\Selenium_extent_framework\Selenium_extent_framework\target\test-classes;D:\IT\java_practice\Selenium_extent_framework\Selenium_extent_framework\target\classes;D:\IT\java_practice\jar_files\custom_mvn_repo\org\postgresql\postgresql\42.7.2\postgresql-42.7.2.jar;D:\IT\java_practice\jar_files\custom_mvn_repo\org\checkerframework\checker-qual\3.42.0\checker-qual-3.42.0.jar;D:\IT\java_practice\jar_files\custom_mvn_repo\com\aventstack\extentreports\5.1.2\extentreports-5.1.2.jar;D:\IT\java_practice\jar_files\custom_mvn_repo\io\reactivex\rxjava3\rxjava\3.1.6\rxjava-3.1.6.jar;D:\IT\java_practice\jar_files\custom_mvn_repo\org\reactivestreams\reactive-streams\1.0.4\reactive-streams-1.0.4.jar;D:\IT\java_practice\jar_files\custom_mvn_repo\org\freemarker\freemarker\2.3.32\freemarker-2.3.32.jar;D:\IT\java_practice\jar_files\custom_mvn_repo\org\projectlombok\lombok\1.18.26\lombok-1.18.26.jar;D:\IT\java_practice\jar_files\custom_mvn_repo\com\google\code\gson\gson\2.10.1\gson-2.10.1.jar;D:\IT\java_practice\jar_files\custom_mvn_repo\org\seleniumhq\selenium\selenium-java\4.24.0\selenium-java-4.24.0.jar;D:\IT\java_practice\jar_files\custom_mvn_repo\org\seleniumhq\selenium\selenium-api\4.24.0\selenium-api-4.24.0.jar;D:\IT\java_practice\jar_files\custom_mvn_repo\org\jspecify\jspecify\1.0.0\jspecify-1.0.0.jar;D:\IT\java_practice\jar_files\custom_mvn_repo\org\seleniumhq\selenium\selenium-chrome-driver\4.24.0\selenium-chrome-driver-4.24.0.jar;D:\IT\java_practice\jar_files\custom_mvn_repo\com\google\auto\service\auto-service-annotations\1.1.1\auto-service-annotations-1.1.1.jar;D:\IT\java_practice\jar_files\custom_mvn_repo\org\seleniumhq\selenium\selenium-chromium-driver\4.24.0\selenium-chromium-driver-4.24.0.jar;D:\IT\java_practice\jar_files\custom_mvn_repo\org\seleniumhq\selenium\selenium-json\4.24.0\selenium-json-4.24.0.jar;D:\IT\java_practice\jar_files\custom_mvn_repo\org\seleniumhq\selenium\selenium-manager\4.24.0\selenium-manager-4.24.0.jar;D:\IT\java_practice\jar_files\custom_mvn_repo\org\seleniumhq\selenium\selenium-devtools-v126\4.24.0\selenium-devtools-v126-4.24.0.jar;D:\IT\java_practice\jar_files\custom_mvn_repo\org\seleniumhq\selenium\selenium-devtools-v127\4.24.0\selenium-devtools-v127-4.24.0.jar;D:\IT\java_practice\jar_files\custom_mvn_repo\org\seleniumhq\selenium\selenium-devtools-v128\4.24.0\selenium-devtools-v128-4.24.0.jar;D:\IT\java_practice\jar_files\custom_mvn_repo\org\seleniumhq\selenium\selenium-devtools-v85\4.24.0\selenium-devtools-v85-4.24.0.jar;D:\IT\java_practice\jar_files\custom_mvn_repo\org\seleniumhq\selenium\selenium-edge-driver\4.24.0\selenium-edge-driver-4.24.0.jar;D:\IT\java_practice\jar_files\custom_mvn_repo\org\seleniumhq\selenium\selenium-firefox-driver\4.24.0\selenium-firefox-driver-4.24.0.jar;D:\IT\java_practice\jar_files\custom_mvn_repo\org\seleniumhq\selenium\selenium-http\4.24.0\selenium-http-4.24.0.jar;D:\IT\java_practice\jar_files\custom_mvn_repo\dev\failsafe\failsafe\3.3.2\failsafe-3.3.2.jar;D:\IT\java_practice\jar_files\custom_mvn_repo\org\seleniumhq\selenium\selenium-ie-driver\4.24.0\selenium-ie-driver-4.24.0.jar;D:\IT\java_practice\jar_files\custom_mvn_repo\org\seleniumhq\selenium\selenium-remote-driver\4.24.0\selenium-remote-driver-4.24.0.jar;D:\IT\java_practice\jar_files\custom_mvn_repo\io\opentelemetry\semconv\opentelemetry-semconv\1.25.0-alpha\opentelemetry-semconv-1.25.0-alpha.jar;D:\IT\java_practice\jar_files\custom_mvn_repo\io\opentelemetry\opentelemetry-api\1.41.0\opentelemetry-api-1.41.0.jar;D:\IT\java_practice\jar_files\custom_mvn_repo\io\opentelemetry\opentelemetry-context\1.41.0\opentelemetry-context-1.41.0.jar;D:\IT\java_practice\jar_files\custom_mvn_repo\io\opentelemetry\opentelemetry-exporter-logging\1.41.0\opentelemetry-exporter-logging-1.41.0.jar;D:\IT\java_practice\jar_files\custom_mvn_repo\io\opentelemetry\opentelemetry-sdk-common\1.41.0\opentelemetry-sdk-common-1.41.0.jar;D:\IT\java_practice\jar_files\custom_mvn_repo\io\opentelemetry\opentelemetry-sdk-extension-autoconfigure-spi\1.41.0\opentelemetry-sdk-extension-autoconfigure-spi-1.41.0.jar;D:\IT\java_practice\jar_files\custom_mvn_repo\io\opentelemetry\opentelemetry-sdk-extension-autoconfigure\1.41.0\opentelemetry-sdk-extension-autoconfigure-1.41.0.jar;D:\IT\java_practice\jar_files\custom_mvn_repo\io\opentelemetry\opentelemetry-api-incubator\1.41.0-alpha\opentelemetry-api-incubator-1.41.0-alpha.jar;D:\IT\java_practice\jar_files\custom_mvn_repo\io\opentelemetry\opentelemetry-sdk-trace\1.41.0\opentelemetry-sdk-trace-1.41.0.jar;D:\IT\java_practice\jar_files\custom_mvn_repo\io\opentelemetry\opentelemetry-sdk\1.41.0\opentelemetry-sdk-1.41.0.jar;D:\IT\java_practice\jar_files\custom_mvn_repo\io\opentelemetry\opentelemetry-sdk-metrics\1.41.0\opentelemetry-sdk-metrics-1.41.0.jar;D:\IT\java_practice\jar_files\custom_mvn_repo\io\opentelemetry\opentelemetry-sdk-logs\1.41.0\opentelemetry-sdk-logs-1.41.0.jar;D:\IT\java_practice\jar_files\custom_mvn_repo\net\bytebuddy\byte-buddy\1.15.0\byte-buddy-1.15.0.jar;D:\IT\java_practice\jar_files\custom_mvn_repo\org\seleniumhq\selenium\selenium-os\4.24.0\selenium-os-4.24.0.jar;D:\IT\java_practice\jar_files\custom_mvn_repo\org\apache\commons\commons-exec\1.4.0\commons-exec-1.4.0.jar;D:\IT\java_practice\jar_files\custom_mvn_repo\org\seleniumhq\selenium\selenium-safari-driver\4.24.0\selenium-safari-driver-4.24.0.jar;D:\IT\java_practice\jar_files\custom_mvn_repo\org\seleniumhq\selenium\selenium-support\4.24.0\selenium-support-4.24.0.jar;D:\IT\java_practice\jar_files\custom_mvn_repo\org\json\json\20240303\json-20240303.jar;D:\IT\java_practice\jar_files\custom_mvn_repo\io\cucumber\cucumber-java\7.13.0\cucumber-java-7.13.0.jar;D:\IT\java_practice\jar_files\custom_mvn_repo\io\cucumber\cucumber-core\7.13.0\cucumber-core-7.13.0.jar;D:\IT\java_practice\jar_files\custom_mvn_repo\io\cucumber\cucumber-gherkin\7.13.0\cucumber-gherkin-7.13.0.jar;D:\IT\java_practice\jar_files\custom_mvn_repo\io\cucumber\cucumber-gherkin-messages\7.13.0\cucumber-gherkin-messages-7.13.0.jar;D:\IT\java_practice\jar_files\custom_mvn_repo\io\cucumber\gherkin\26.2.0\gherkin-26.2.0.jar;D:\IT\java_practice\jar_files\custom_mvn_repo\io\cucumber\messages\22.0.0\messages-22.0.0.jar;D:\IT\java_practice\jar_files\custom_mvn_repo\io\cucumber\tag-expressions\5.0.1\tag-expressions-5.0.1.jar;D:\IT\java_practice\jar_files\custom_mvn_repo\io\cucumber\cucumber-expressions\16.1.2\cucumber-expressions-16.1.2.jar;D:\IT\java_practice\jar_files\custom_mvn_repo\io\cucumber\datatable\7.13.0\datatable-7.13.0.jar;D:\IT\java_practice\jar_files\custom_mvn_repo\io\cucumber\cucumber-plugin\7.13.0\cucumber-plugin-7.13.0.jar;D:\IT\java_practice\jar_files\custom_mvn_repo\io\cucumber\docstring\7.13.0\docstring-7.13.0.jar;D:\IT\java_practice\jar_files\custom_mvn_repo\io\cucumber\html-formatter\20.3.1\html-formatter-20.3.1.jar;D:\IT\java_practice\jar_files\custom_mvn_repo\io\cucumber\junit-xml-formatter\0.2.0\junit-xml-formatter-0.2.0.jar;D:\IT\java_practice\jar_files\custom_mvn_repo\io\cucumber\ci-environment\9.2.0\ci-environment-9.2.0.jar;D:\IT\java_practice\jar_files\custom_mvn_repo\org\apiguardian\apiguardian-api\1.1.2\apiguardian-api-1.1.2.jar;D:\IT\java_practice\jar_files\custom_mvn_repo\io\cucumber\cucumber-testng\7.13.0\cucumber-testng-7.13.0.jar;D:\IT\java_practice\jar_files\custom_mvn_repo\org\testng\testng\7.8.0\testng-7.8.0.jar;D:\IT\java_practice\jar_files\custom_mvn_repo\org\slf4j\slf4j-api\1.7.36\slf4j-api-1.7.36.jar;D:\IT\java_practice\jar_files\custom_mvn_repo\com\beust\jcommander\1.82\jcommander-1.82.jar;D:\IT\java_practice\jar_files\custom_mvn_repo\org\webjars\jquery\3.6.1\jquery-3.6.1.jar;D:\IT\java_practice\jar_files\custom_mvn_repo\org\apache\maven\plugins\maven-surefire-plugin\3.1.2\maven-surefire-plugin-3.1.2.jar;D:\IT\java_practice\jar_files\custom_mvn_repo\org\apache\maven\surefire\maven-surefire-common\3.1.2\maven-surefire-common-3.1.2.jar;D:\IT\java_practice\jar_files\custom_mvn_repo\org\apache\maven\surefire\surefire-api\3.1.2\surefire-api-3.1.2.jar;D:\IT\java_practice\jar_files\custom_mvn_repo\org\apache\maven\surefire\surefire-logger-api\3.1.2\surefire-logger-api-3.1.2.jar;D:\IT\java_practice\jar_files\custom_mvn_repo\org\apache\maven\surefire\surefire-extensions-api\3.1.2\surefire-extensions-api-3.1.2.jar;D:\IT\java_practice\jar_files\custom_mvn_repo\org\apache\maven\surefire\surefire-booter\3.1.2\surefire-booter-3.1.2.jar;D:\IT\java_practice\jar_files\custom_mvn_repo\org\apache\maven\surefire\surefire-extensions-spi\3.1.2\surefire-extensions-spi-3.1.2.jar;D:\IT\java_practice\jar_files\custom_mvn_repo\org\eclipse\aether\aether-util\1.0.0.v20140518\aether-util-1.0.0.v20140518.jar;D:\IT\java_practice\jar_files\custom_mvn_repo\org\eclipse\aether\aether-api\1.0.0.v20140518\aether-api-1.0.0.v20140518.jar;D:\IT\java_practice\jar_files\custom_mvn_repo\org\apache\maven\shared\maven-common-artifact-filters\3.1.1\maven-common-artifact-filters-3.1.1.jar;D:\IT\java_practice\jar_files\custom_mvn_repo\org\apache\maven\maven-artifact\3.1.0\maven-artifact-3.1.0.jar;D:\IT\java_practice\jar_files\custom_mvn_repo\org\apache\maven\maven-core\3.1.0\maven-core-3.1.0.jar;D:\IT\java_practice\jar_files\custom_mvn_repo\org\apache\maven\maven-settings\3.1.0\maven-settings-3.1.0.jar;D:\IT\java_practice\jar_files\custom_mvn_repo\org\apache\maven\maven-settings-builder\3.1.0\maven-settings-builder-3.1.0.jar;D:\IT\java_practice\jar_files\custom_mvn_repo\org\apache\maven\maven-repository-metadata\3.1.0\maven-repository-metadata-3.1.0.jar;D:\IT\java_practice\jar_files\custom_mvn_repo\org\apache\maven\maven-model-builder\3.1.0\maven-model-builder-3.1.0.jar;D:\IT\java_practice\jar_files\custom_mvn_repo\org\apache\maven\maven-aether-provider\3.1.0\maven-aether-provider-3.1.0.jar;D:\IT\java_practice\jar_files\custom_mvn_repo\org\eclipse\aether\aether-spi\0.9.0.M2\aether-spi-0.9.0.M2.jar;D:\IT\java_practice\jar_files\custom_mvn_repo\org\eclipse\aether\aether-impl\0.9.0.M2\aether-impl-0.9.0.M2.jar;D:\IT\java_practice\jar_files\custom_mvn_repo\org\eclipse\sisu\org.eclipse.sisu.plexus\0.0.0.M2a\org.eclipse.sisu.plexus-0.0.0.M2a.jar;D:\IT\java_practice\jar_files\custom_mvn_repo\javax\enterprise\cdi-api\1.0\cdi-api-1.0.jar;D:\IT\java_practice\jar_files\custom_mvn_repo\javax\annotation\jsr250-api\1.0\jsr250-api-1.0.jar;D:\IT\java_practice\jar_files\custom_mvn_repo\javax\inject\javax.inject\1\javax.inject-1.jar;D:\IT\java_practice\jar_files\custom_mvn_repo\org\sonatype\sisu\sisu-guice\3.1.0\sisu-guice-3.1.0-no_aop.jar;D:\IT\java_practice\jar_files\custom_mvn_repo\aopalliance\aopalliance\1.0\aopalliance-1.0.jar;D:\IT\java_practice\jar_files\custom_mvn_repo\org\eclipse\sisu\org.eclipse.sisu.inject\0.0.0.M2a\org.eclipse.sisu.inject-0.0.0.M2a.jar;D:\IT\java_practice\jar_files\custom_mvn_repo\asm\asm\3.3.1\asm-3.3.1.jar;D:\IT\java_practice\jar_files\custom_mvn_repo\org\codehaus\plexus\plexus-interpolation\1.16\plexus-interpolation-1.16.jar;D:\IT\java_practice\jar_files\custom_mvn_repo\org\codehaus\plexus\plexus-classworlds\2.4.2\plexus-classworlds-2.4.2.jar;D:\IT\java_practice\jar_files\custom_mvn_repo\org\sonatype\plexus\plexus-sec-dispatcher\1.3\plexus-sec-dispatcher-1.3.jar;D:\IT\java_practice\jar_files\custom_mvn_repo\org\sonatype\plexus\plexus-cipher\1.4\plexus-cipher-1.4.jar;D:\IT\java_practice\jar_files\custom_mvn_repo\org\apache\maven\maven-plugin-api\3.1.0\maven-plugin-api-3.1.0.jar;D:\IT\java_practice\jar_files\custom_mvn_repo\org\apache\maven\surefire\surefire-shared-utils\3.1.2\surefire-shared-utils-3.1.2.jar;D:\IT\java_practice\jar_files\custom_mvn_repo\org\apache\maven\plugins\maven-compiler-plugin\3.11.0\maven-compiler-plugin-3.11.0.jar;D:\IT\java_practice\jar_files\custom_mvn_repo\org\apache\maven\shared\maven-shared-utils\3.3.4\maven-shared-utils-3.3.4.jar;D:\IT\java_practice\jar_files\custom_mvn_repo\org\apache\maven\shared\maven-shared-incremental\1.1\maven-shared-incremental-1.1.jar;D:\IT\java_practice\jar_files\custom_mvn_repo\org\codehaus\plexus\plexus-component-annotations\1.5.5\plexus-component-annotations-1.5.5.jar;D:\IT\java_practice\jar_files\custom_mvn_repo\org\codehaus\plexus\plexus-java\1.1.2\plexus-java-1.1.2.jar;D:\IT\java_practice\jar_files\custom_mvn_repo\org\ow2\asm\asm\9.4\asm-9.4.jar;D:\IT\java_practice\jar_files\custom_mvn_repo\com\thoughtworks\qdox\qdox\2.0.3\qdox-2.0.3.jar;D:\IT\java_practice\jar_files\custom_mvn_repo\org\codehaus\plexus\plexus-compiler-api\2.13.0\plexus-compiler-api-2.13.0.jar;D:\IT\java_practice\jar_files\custom_mvn_repo\org\codehaus\plexus\plexus-utils\3.4.2\plexus-utils-3.4.2.jar;D:\IT\java_practice\jar_files\custom_mvn_repo\org\codehaus\plexus\plexus-compiler-manager\2.13.0\plexus-compiler-manager-2.13.0.jar;D:\IT\java_practice\jar_files\custom_mvn_repo\org\codehaus\plexus\plexus-compiler-javac\2.13.0\plexus-compiler-javac-2.13.0.jar;D:\IT\java_practice\jar_files\custom_mvn_repo\org\apache\poi\poi\5.2.3\poi-5.2.3.jar;D:\IT\java_practice\jar_files\custom_mvn_repo\commons-codec\commons-codec\1.15\commons-codec-1.15.jar;D:\IT\java_practice\jar_files\custom_mvn_repo\org\apache\commons\commons-collections4\4.4\commons-collections4-4.4.jar;D:\IT\java_practice\jar_files\custom_mvn_repo\org\apache\commons\commons-math3\3.6.1\commons-math3-3.6.1.jar;D:\IT\java_practice\jar_files\custom_mvn_repo\commons-io\commons-io\2.11.0\commons-io-2.11.0.jar;D:\IT\java_practice\jar_files\custom_mvn_repo\com\zaxxer\SparseBitSet\1.2\SparseBitSet-1.2.jar;D:\IT\java_practice\jar_files\custom_mvn_repo\org\apache\logging\log4j\log4j-api\2.18.0\log4j-api-2.18.0.jar;D:\IT\java_practice\jar_files\custom_mvn_repo\org\apache\poi\poi-ooxml\5.2.3\poi-ooxml-5.2.3.jar;D:\IT\java_practice\jar_files\custom_mvn_repo\org\apache\poi\poi-ooxml-lite\5.2.3\poi-ooxml-lite-5.2.3.jar;D:\IT\java_practice\jar_files\custom_mvn_repo\org\apache\xmlbeans\xmlbeans\5.1.1\xmlbeans-5.1.1.jar;D:\IT\java_practice\jar_files\custom_mvn_repo\org\apache\commons\commons-compress\1.21\commons-compress-1.21.jar;D:\IT\java_practice\jar_files\custom_mvn_repo\com\github\virtuald\curvesapi\1.07\curvesapi-1.07.jar;D:\IT\java_practice\jar_files\custom_mvn_repo\tech\tablesaw\tablesaw-core\0.43.1\tablesaw-core-0.43.1.jar;D:\IT\java_practice\jar_files\custom_mvn_repo\com\google\guava\guava\30.0-jre\guava-30.0-jre.jar;D:\IT\java_practice\jar_files\custom_mvn_repo\com\google\guava\failureaccess\1.0.1\failureaccess-1.0.1.jar;D:\IT\java_practice\jar_files\custom_mvn_repo\com\google\guava\listenablefuture\9999.0-empty-to-avoid-conflict-with-guava\listenablefuture-9999.0-empty-to-avoid-conflict-with-guava.jar;D:\IT\java_practice\jar_files\custom_mvn_repo\com\google\code\findbugs\jsr305\3.0.2\jsr305-3.0.2.jar;D:\IT\java_practice\jar_files\custom_mvn_repo\com\google\errorprone\error_prone_annotations\2.3.4\error_prone_annotations-2.3.4.jar;D:\IT\java_practice\jar_files\custom_mvn_repo\com\google\j2objc\j2objc-annotations\1.3\j2objc-annotations-1.3.jar;D:\IT\java_practice\jar_files\custom_mvn_repo\it\unimi\dsi\fastutil\8.3.0\fastutil-8.3.0.jar;D:\IT\java_practice\jar_files\custom_mvn_repo\org\roaringbitmap\RoaringBitmap\0.9.25\RoaringBitmap-0.9.25.jar;D:\IT\java_practice\jar_files\custom_mvn_repo\org\roaringbitmap\shims\0.9.25\shims-0.9.25.jar;D:\IT\java_practice\jar_files\custom_mvn_repo\com\univocity\univocity-parsers\2.8.4\univocity-parsers-2.8.4.jar;D:\IT\java_practice\jar_files\custom_mvn_repo\com\ibm\icu\icu4j\65.1\icu4j-65.1.jar;D:\IT\java_practice\jar_files\custom_mvn_repo\io\github\classgraph\classgraph\4.8.60\classgraph-4.8.60.jar;D:\IT\java_practice\jar_files\custom_mvn_repo\tech\tablesaw\tablesaw-excel\0.43.1\tablesaw-excel-0.43.1.jar;D:\IT\java_practice\jar_files\custom_mvn_repo\io\appium\java-client\9.0.0\java-client-9.0.0.jar;D:\IT\java_practice\jar_files\custom_mvn_repo\io\rest-assured\rest-assured\5.4.0\rest-assured-5.4.0.jar;D:\IT\java_practice\jar_files\custom_mvn_repo\org\apache\groovy\groovy\4.0.16\groovy-4.0.16.jar;D:\IT\java_practice\jar_files\custom_mvn_repo\org\apache\groovy\groovy-xml\4.0.16\groovy-xml-4.0.16.jar;D:\IT\java_practice\jar_files\custom_mvn_repo\org\apache\httpcomponents\httpclient\4.5.13\httpclient-4.5.13.jar;D:\IT\java_practice\jar_files\custom_mvn_repo\org\apache\httpcomponents\httpcore\4.4.13\httpcore-4.4.13.jar;D:\IT\java_practice\jar_files\custom_mvn_repo\commons-logging\commons-logging\1.2\commons-logging-1.2.jar;D:\IT\java_practice\jar_files\custom_mvn_repo\org\apache\httpcomponents\httpmime\4.5.13\httpmime-4.5.13.jar;D:\IT\java_practice\jar_files\custom_mvn_repo\org\hamcrest\hamcrest\2.2\hamcrest-2.2.jar;D:\IT\java_practice\jar_files\custom_mvn_repo\org\ccil\cowan\tagsoup\tagsoup\1.2.1\tagsoup-1.2.1.jar;D:\IT\java_practice\jar_files\custom_mvn_repo\io\rest-assured\json-path\5.4.0\json-path-5.4.0.jar;D:\IT\java_practice\jar_files\custom_mvn_repo\org\apache\groovy\groovy-json\4.0.16\groovy-json-4.0.16.jar;D:\IT\java_practice\jar_files\custom_mvn_repo\io\rest-assured\rest-assured-common\5.4.0\rest-assured-common-5.4.0.jar;D:\IT\java_practice\jar_files\custom_mvn_repo\io\rest-assured\xml-path\5.4.0\xml-path-5.4.0.jar;D:\IT\java_practice\jar_files\custom_mvn_repo\org\apache\commons\commons-lang3\3.11\commons-lang3-3.11.jar;"/>
    <property name="sun.cpu.endian" value="little"/>
    <property name="user.home" value="C:\Users\sayan"/>
    <property name="user.language" value="en"/>
    <property name="java.specification.vendor" value="Oracle Corporation"/>
    <property name="java.version.date" value="2024-07-16"/>
    <property name="java.home" value="C:\Program Files\Java\jdk-22"/>
    <property name="file.separator" value="\"/>
    <property name="basedir" value="D:\IT\java_practice\Selenium_extent_framework\Selenium_extent_framework"/>
    <property name="java.vm.compressedOopsMode" value="Zero based"/>
    <property name="line.separator" value="&#10;"/>
    <property name="java.vm.specification.vendor" value="Oracle Corporation"/>
    <property name="java.specification.name" value="Java Platform API Specification"/>
    <property name="surefire.real.class.path" value="C:\Users\sayan\AppData\Local\Temp\surefire6028265145653546312\surefirebooter-20240905222454172_3.jar"/>
    <property name="user.script" value=""/>
    <property name="sun.management.compiler" value="HotSpot 64-Bit Tiered Compilers"/>
    <property name="java.runtime.version" value="22.0.2+9-70"/>
    <property name="user.name" value="sayan"/>
    <property name="stdout.encoding" value="Cp1252"/>
    <property name="path.separator" value=";"/>
    <property name="os.version" value="10.0"/>
    <property name="java.runtime.name" value="Java(TM) SE Runtime Environment"/>
    <property name="file.encoding" value="UTF-8"/>
    <property name="java.vm.name" value="Java HotSpot(TM) 64-Bit Server VM"/>
    <property name="localRepository" value="D:\IT\java_practice\jar_files\custom_mvn_repo"/>
    <property name="java.vendor.url.bug" value="https://bugreport.java.com/bugreport/"/>
    <property name="java.io.tmpdir" value="C:\Users\sayan\AppData\Local\Temp\"/>
    <property name="java.version" value="22.0.2"/>
    <property name="user.dir" value="D:\IT\java_practice\Selenium_extent_framework\Selenium_extent_framework"/>
    <property name="os.arch" value="amd64"/>
    <property name="java.vm.specification.name" value="Java Virtual Machine Specification"/>
    <property name="sun.os.patch.level" value=""/>
    <property name="native.encoding" value="Cp1252"/>
    <property name="java.library.path" value="C:\Program Files\Java\jdk-22\bin;C:\Windows\Sun\Java\bin;C:\Windows\system32;C:\Windows;C:\Program Files\Common Files\Oracle\Java\javapath;C:\Program Files (x86)\VMware\VMware Player\bin\;C:\Users\sayan\AppData\Local\Programs\Python\Python311\Scripts\;C:\Users\sayan\AppData\Local\Programs\Python\Python311\;C:\Program Files (x86)\NVIDIA Corporation\PhysX\Common;C:\Windows\system32;C:\Windows;C:\Windows\System32\Wbem;C:\Windows\System32\WindowsPowerShell\v1.0\;C:\Windows\System32\OpenSSH\;C:\Program Files (x86)\Windows Kits\8.1\Windows Performance Toolkit\;C:\ProgramData\chocolatey\bin;C:\Program Files\nodejs\;C:\Users\sayan\AppData\Local\Android\Sdk\tools\bin;C:\Users\sayan\AppData\Local\Android\Sdk\tools;C:\Users\sayan\AppData\Local\Android\Sdk\platform-tools;C:\Program Files\nodejs\node_modules\npm\bin;C:\Program Files\PuTTY\;C:\Program Files\Git\cmd;C:\Program Files\Docker\Docker\resources\bin;C:\Users\sayan\AppData\Local\Programs\Python\Python310\Scripts\;C:\Users\sayan\AppData\Local\Programs\Python\Python310\;C:\Users\sayan\AppData\Local\Programs\Python\Python312\Scripts\;C:\Users\sayan\AppData\Local\Programs\Python\Python312\;C:\Users\sayan\AppData\Local\Microsoft\WindowsApps;C:\Program Files\JetBrains\PyCharm Community Edition 2023.1.4\bin;C:\Program Files\Java\jdk-22\bin;C:\apache-maven-3.9.9\bin;D:\hadoop-3.3.6\bin;C:\Users\sayan\AppData\Roaming\npm;C:\Users\sayan\AppData\Local\Programs\Microsoft VS Code\bin;C:\Users\sayan\AppData\Local\Android\Sdk\emulator;%IntelliJ IDEA Community Edition%;."/>
    <property name="java.vm.info" value="mixed mode, sharing"/>
    <property name="stderr.encoding" value="Cp1252"/>
    <property name="java.vendor" value="Oracle Corporation"/>
    <property name="java.vm.version" value="22.0.2+9-70"/>
    <property name="sun.io.unicode.encoding" value="UnicodeLittle"/>
    <property name="java.class.version" value="66.0"/>
  </properties>
  <testcase name="scenario[&quot;Testing the new user Registration UI functionality&quot;, &quot;Testing the Parabank website&quot;](1)" classname="auto_runner.Cucumber_Runner" time="7.529">
    <system-out><![CDATA[get_from_config(extent_report_path) = /results/extent_report.html
Runner is not null: dataprovider
Inside create_driver --->
driver creation successful!
get_from_config(wait_time) = 10
Explicit wait has been setup as 10 seconds
get_from_config(url) = https://parabank.parasoft.com/parabank/index.htm
step_fetch = User is preparing to test "test_1"
get_from_config(expected_page_title) = ParaBank | Welcome | Online Banking
get_from_config(expected_page_title) = ParaBank | Welcome | Online Banking
get_from_config(register_panel_header) = Signing up is easy!
get_from_config(register_panel_msg) = If you have an account with us you can sign-up for free instant online access. You will have to provide some personal information.
get_from_config(register_panel_header) = Signing up is easy!
get_from_config(register_panel_msg) = If you have an account with us you can sign-up for free instant online access. You will have to provide some personal information.
]]></system-out>
    <system-err><![CDATA[SLF4J: Failed to load class "org.slf4j.impl.StaticLoggerBinder".
SLF4J: Defaulting to no-operation (NOP) logger implementation
SLF4J: See http://www.slf4j.org/codes.html#StaticLoggerBinder for further details.
]]></system-err>
  </testcase>
  <testcase name="scenario[&quot;Testing the new user Registration UI functionality&quot;, &quot;Testing the Parabank website&quot;](2)" classname="auto_runner.Cucumber_Runner" time="5.409">
    <system-out><![CDATA[Inside create_driver --->
driver creation successful!
get_from_config(wait_time) = 10
Explicit wait has been setup as 10 seconds
get_from_config(url) = https://parabank.parasoft.com/parabank/index.htm
step_fetch = User is preparing to test "test_2"
get_from_config(expected_page_title) = ParaBank | Welcome | Online Banking
get_from_config(expected_page_title) = ParaBank | Welcome | Online Banking
get_from_config(register_panel_header) = Signing up is easy!
get_from_config(register_panel_msg) = If you have an account with us you can sign-up for free instant online access. You will have to provide some personal information.
get_from_config(register_panel_header) = Signing up is easy!
get_from_config(register_panel_msg) = If you have an account with us you can sign-up for free instant online access. You will have to provide some personal information.
]]></system-out>
  </testcase>
</testsuite>