<?xml version="1.0" encoding="UTF-8"?>
<!-- Generated by org.testng.reporters.JUnitReportReporter -->
<testsuite hostname="Sayan-Laptop" failures="0" tests="2" name="auto_runner.Cucumber_Runner" time="13.206" errors="0" timestamp="2024-09-05T22:25:10 IST" skipped="0">
  <testcase classname="auto_runner.Cucumber_Runner" name="scenario" time="5.540"/>
  <testcase classname="auto_runner.Cucumber_Runner" name="scenario" time="7.666"/>
</testsuite> <!-- auto_runner.Cucumber_Runner -->
