<?xml version="1.0" encoding="UTF-8"?>
<!-- Generated by org.testng.reporters.JUnitReportReporter -->
<testsuite hostname="Sayan-Laptop" failures="0" tests="2" name="auto_runner.Cucumber_Runner" time="19.320" errors="0" timestamp="2024-09-07T16:33:06 IST" skipped="0">
  <testcase classname="auto_runner.Cucumber_Runner" name="scenario" time="9.894"/>
  <testcase classname="auto_runner.Cucumber_Runner" name="scenario" time="9.426"/>
</testsuite> <!-- auto_runner.Cucumber_Runner -->
